{"C:\\Users\\isogaiyuto\\Dropbox\\ddwad\\Desktop\\practice\\gas\\sample02\\src\\hello.ts": {"path":"C:\\Users\\isogaiyuto\\Dropbox\\ddwad\\Desktop\\practice\\gas\\sample02\\src\\hello.ts","statementMap":{"0":{"start":{"line":1,"column":16},"end":{"line":3,"column":3}},"1":{"start":{"line":2,"column":4},"end":{"line":2,"column":31}},"2":{"start":{"line":10,"column":11},"end":{"line":10,"column":18}},"3":{"start":{"line":5,"column":17},"end":{"line":5,"column":24}},"4":{"start":{"line":6,"column":16},"end":{"line":6,"column":29}},"5":{"start":{"line":7,"column":4},"end":{"line":7,"column":20}},"6":{"start":{"line":8,"column":4},"end":{"line":8,"column":15}},"7":{"start":{"line":10,"column":20},"end":{"line":10,"column":31}}},"fnMap":{"0":{"name":"(anonymous_0)","decl":{"start":{"line":1,"column":16},"end":{"line":1,"column":17}},"loc":{"start":{"line":1,"column":43},"end":{"line":3,"column":3}}},"1":{"name":"testGreeter","decl":{"start":{"line":4,"column":11},"end":{"line":4,"column":22}},"loc":{"start":{"line":4,"column":22},"end":{"line":9,"column":3}}}},"branchMap":{},"s":{"0":1,"1":2,"2":1,"3":1,"4":1,"5":1,"6":1,"7":1},"f":{"0":2,"1":1},"b":{}}
}
